Línea 65: la clase ControlesPOO.ListViewConsulta del control lvw no era una clase de control cargada.
Línea 71: el nombre de la propiedad _ExtentX de lvw no es válido.
Línea 72: el nombre de la propiedad _ExtentY de lvw no es válido.
Línea 73: el nombre de la propiedad HideSelection de lvw no es válido.
Línea 74: el nombre de la propiedad HideEncabezados de lvw no es válido.
Línea 75: el nombre de la propiedad GridLines de lvw no es válido.
Línea 76: el nombre de la propiedad FullRowSelection de lvw no es válido.
Línea 77: el nombre de la propiedad AutoDistribuirColumnas de lvw no es válido.
Línea 78: el nombre de la propiedad CampoKey de lvw no es válido.
Línea 79: el nombre de la propiedad AllowModify de lvw no es válido.
Línea 80: el nombre de la propiedad ShowCheckBoxes de lvw no es válido.
Línea 81: el nombre de la propiedad MultiSelect de lvw no es válido.
Línea 82: el nombre de la propiedad CampoImage de lvw no es válido.
Línea 83: el nombre de la propiedad NEncabezado0 de lvw no es válido.
Línea 84: el nombre de la propiedad MEncabezado0 de lvw no es válido.
Línea 85: el nombre de la propiedad AEncabezado0 de lvw no es válido.
Línea 86: el nombre de la propiedad NEncabezado0 de lvw no es válido.
Línea 87: el nombre de la propiedad MEncabezado0 de lvw no es válido.
Línea 88: el nombre de la propiedad AEncabezado0 de lvw no es válido.
Línea 89: el nombre de la propiedad NEncabezado0 de lvw no es válido.
Línea 90: el nombre de la propiedad MEncabezado0 de lvw no es válido.
Línea 91: el nombre de la propiedad AEncabezado0 de lvw no es válido.
Línea 92: el nombre de la propiedad NEncabezado0 de lvw no es válido.
Línea 93: el nombre de la propiedad MEncabezado0 de lvw no es válido.
Línea 94: el nombre de la propiedad AEncabezado0 de lvw no es válido.
Línea 95: el nombre de la propiedad NEncabezado0 de lvw no es válido.
Línea 96: el nombre de la propiedad MEncabezado0 de lvw no es válido.
Línea 97: el nombre de la propiedad AEncabezado0 de lvw no es válido.
Línea 98: el nombre de la propiedad NEncabezado0 de lvw no es válido.
Línea 99: el nombre de la propiedad MEncabezado0 de lvw no es válido.
Línea 100: el nombre de la propiedad AEncabezado0 de lvw no es válido.
Línea 101: el nombre de la propiedad NEncabezado0 de lvw no es válido.
Línea 102: el nombre de la propiedad MEncabezado0 de lvw no es válido.
Línea 103: el nombre de la propiedad AEncabezado0 de lvw no es válido.
Línea 104: el nombre de la propiedad NEncabezado0 de lvw no es válido.
Línea 105: el nombre de la propiedad MEncabezado0 de lvw no es válido.
Línea 106: el nombre de la propiedad AEncabezado0 de lvw no es válido.
Línea 107: el nombre de la propiedad NEncabezado0 de lvw no es válido.
Línea 108: el nombre de la propiedad MEncabezado0 de lvw no es válido.
Línea 109: el nombre de la propiedad AEncabezado0 de lvw no es válido.
Línea 110: el nombre de la propiedad NEncabezado0 de lvw no es válido.
Línea 111: el nombre de la propiedad MEncabezado0 de lvw no es válido.
Línea 112: el nombre de la propiedad AEncabezado0 de lvw no es válido.
Línea 113: el nombre de la propiedad NEncabezado0 de lvw no es válido.
Línea 114: el nombre de la propiedad MEncabezado0 de lvw no es válido.
Línea 115: el nombre de la propiedad AEncabezado0 de lvw no es válido.
Línea 116: el nombre de la propiedad NEncabezado0 de lvw no es válido.
Línea 117: el nombre de la propiedad MEncabezado0 de lvw no es válido.
Línea 118: el nombre de la propiedad AEncabezado0 de lvw no es válido.
Línea 119: el nombre de la propiedad NEncabezado0 de lvw no es válido.
Línea 120: el nombre de la propiedad MEncabezado0 de lvw no es válido.
Línea 121: el nombre de la propiedad AEncabezado0 de lvw no es válido.
Línea 122: el nombre de la propiedad NEncabezado0 de lvw no es válido.
Línea 123: el nombre de la propiedad MEncabezado0 de lvw no es válido.
Línea 124: el nombre de la propiedad AEncabezado0 de lvw no es válido.
Línea 125: el nombre de la propiedad NEncabezado0 de lvw no es válido.
Línea 126: el nombre de la propiedad MEncabezado0 de lvw no es válido.
Línea 127: el nombre de la propiedad AEncabezado0 de lvw no es válido.
Línea 128: el nombre de la propiedad NEncabezado0 de lvw no es válido.
Línea 129: el nombre de la propiedad MEncabezado0 de lvw no es válido.
Línea 130: el nombre de la propiedad AEncabezado0 de lvw no es válido.
Línea 131: el nombre de la propiedad NEncabezado0 de lvw no es válido.
Línea 132: el nombre de la propiedad MEncabezado0 de lvw no es válido.
Línea 133: el nombre de la propiedad AEncabezado0 de lvw no es válido.
Línea 134: el nombre de la propiedad NEncabezado0 de lvw no es válido.
Línea 135: el nombre de la propiedad MEncabezado0 de lvw no es válido.
Línea 136: el nombre de la propiedad AEncabezado0 de lvw no es válido.
Línea 137: el nombre de la propiedad NEncabezado0 de lvw no es válido.
Línea 138: el nombre de la propiedad MEncabezado0 de lvw no es válido.
Línea 139: el nombre de la propiedad AEncabezado0 de lvw no es válido.
Línea 140: el nombre de la propiedad NEncabezado0 de lvw no es válido.
Línea 141: el nombre de la propiedad MEncabezado0 de lvw no es válido.
Línea 142: el nombre de la propiedad AEncabezado0 de lvw no es válido.
