
****SH****49716,7: Init_blCemi

****SH****53918,27: Init_blCemi

****SH****54633,02: Init_blCemi

****SH****54693,75: Init_blCemi


*****AL********
08/10/2010*03:11:35 p.m.
blCemi_v2.0.48

54695,53 atMng001
54695,55 at.mng.crg001
54695,55 at.mng.crg002.5.0
54695,55 at.mng.crg003.1.24/09/2010.15:48:27
54695,55 at.mng.crg004.15:47:52...
54695,55 at.mng.crg005.501.1
54695,79 at.mng.crg007
54695,79 at.mng.crg006
54695,79 at.mng.crg009
at.mng.FAIL
94:Uso no válido de Null
BLCemi
*******



****SH****54872,23: Init_blCemi


*****AL********
08/10/2010*03:14:34 p.m.
blCemi_v2.0.48

54873,96 atMng001
54873,97 at.mng.crg001
54873,97 at.mng.crg002.5.0
54873,97 at.mng.crg003.1.24/09/2010.15:48:27
54873,97 at.mng.crg004.15:47:52...
54873,97 at.mng.crg005.501.1
54874,1 at.mng.crg007
54874,1 at.mng.crg006
54874,1 at.mng.crg009
at.mng.FAIL
94:Uso no válido de Null
BLCemi
*******



****SH****55042,5: Init_blCemi


*****AL********
08/10/2010*03:17:24 p.m.
blCemi_v2.0.48

55044,17 atMng001
55044,18 at.mng.crg001
55044,18 at.mng.crg002.5.0
55044,18 at.mng.crg003.1.24/09/2010.15:48:27
55044,18 at.mng.crg004.15:47:52...
55044,18 at.mng.crg005.501.1
55044,33 at.mng.crg007
55044,33 at.mng.crg006
55044,33 at.mng.crg009
at.mng.FAIL
94:Uso no válido de Null
BLCemi
*******




*****AL********
08/10/2010*03:17:51 p.m.
blCemi_v2.0.48
8 at.mng.crg003.1.24/09/2010.15:48:27
55044,18 at.mng.crg004.15:47:52...
55044,18 at.mng.crg005.501.1
55044,33 at.mng.crg007
55044,33 at.mng.crg006
55044,33 at.mng.crg009
55071,17 atMng001
55071,17 at.mng.crg001
55071,17 at.mng.crg002.5.0
55071,17 at.mng.crg003.1.24/09/2010.15:48:27
55071,17 at.mng.crg004.15:47:52...
55071,17 at.mng.crg005.501.1
55071,17 at.mng.crg007
55071,17 at.mng.crg006
55071,17 at.mng.crg009
at.mng.FAIL
94:Uso no válido de Null
BLCemi
*******




*****AL********
08/10/2010*03:17:51 p.m.
blCemi_v2.0.48
crg002.5.0
55071,17 at.mng.crg003.1.24/09/2010.15:48:27
55071,17 at.mng.crg004.15:47:52...
55071,17 at.mng.crg005.501.1
55071,17 at.mng.crg007
55071,17 at.mng.crg006
55071,17 at.mng.crg009
55071,24 at.mng.crg001
55071,24 at.mng.crg002.5.0
55071,24 at.mng.crg003.1.24/09/2010.15:48:27
55071,24 at.mng.crg004.15:47:52...
55071,24 at.mng.crg005.501.1
55071,24 at.mng.crg007
55071,24 at.mng.crg006
55071,24 at.mng.crg009
at.mng.FAIL
94:Uso no válido de Null
BLCemi
*******




*****AL********
08/10/2010*03:17:56 p.m.
blCemi_v2.0.48
g009b.344
55073,93 at.mng.crg009c
55073,93 at.mng.crg010
55073,93 at.mng.crg011
55073,93 at.mng.crg019
55073,93 at.mng.crg020
55073,93 at.mng.crg021
55073,93 at.mng.crg022
55073,93 at.mng.crg023
55076,2 at.mng.crg001
55076,2 at.mng.crg002.5.0
55076,2 at.mng.crg003.1.24/09/2010.15:48:27
55076,2 at.mng.crg004.15:47:52...
55076,2 at.mng.crg005.501.1
55076,2 at.mng.crg007
55076,2 at.mng.crg006
55076,2 at.mng.crg009
at.mng.FAIL
94:Uso no válido de Null
BLCemi
*******




*****AL********
08/10/2010*03:17:57 p.m.
blCemi_v2.0.48
4
55076,27 at.mng.crg009c
55076,27 at.mng.crg010
55076,27 at.mng.crg011
55076,27 at.mng.crg019
55076,27 at.mng.crg020
55076,27 at.mng.crg021
55076,27 at.mng.crg022
55076,27 at.mng.crg023
55077,89 at.mng.crg001
55077,89 at.mng.crg002.5.0
55077,89 at.mng.crg003.1.24/09/2010.15:48:27
55077,89 at.mng.crg004.15:47:52...
55077,89 at.mng.crg005.501.1
55077,89 at.mng.crg007
55077,89 at.mng.crg006
55077,89 at.mng.crg009
at.mng.FAIL
94:Uso no válido de Null
BLCemi
*******



****SH****55486,2: Init_blCemi


*****AL********
08/10/2010*03:24:48 p.m.
blCemi_v2.0.48

55487,91 atMng001
55487,91 at.mng.crg001
55487,91 at.mng.crg002.5.0
55487,91 at.mng.crg003.1.24/09/2010.15:48:27
55487,91 at.mng.crg004.15:47:52...
55487,91 at.mng.crg005.501.1
55488,09 at.mng.crg007
55488,09 at.mng.crg006
55488,09 at.mng.crg009
at.mng.FAIL
94:Uso no válido de Null
BLCemi
*******




*****AL********
08/10/2010*03:24:55 p.m.
blCemi_v2.0.48
1 at.mng.crg003.1.24/09/2010.15:48:27
55487,91 at.mng.crg004.15:47:52...
55487,91 at.mng.crg005.501.1
55488,09 at.mng.crg007
55488,09 at.mng.crg006
55488,09 at.mng.crg009
55495,18 atMng001
55495,19 at.mng.crg001
55495,19 at.mng.crg002.5.0
55495,19 at.mng.crg003.1.24/09/2010.15:48:27
55495,19 at.mng.crg004.15:47:52...
55495,19 at.mng.crg005.501.1
55495,19 at.mng.crg007
55495,19 at.mng.crg006
55495,19 at.mng.crg009
at.mng.FAIL
94:Uso no válido de Null
BLCemi
*******




*****AL********
08/10/2010*03:24:55 p.m.
blCemi_v2.0.48
crg002.5.0
55495,19 at.mng.crg003.1.24/09/2010.15:48:27
55495,19 at.mng.crg004.15:47:52...
55495,19 at.mng.crg005.501.1
55495,19 at.mng.crg007
55495,19 at.mng.crg006
55495,19 at.mng.crg009
55495,25 at.mng.crg001
55495,25 at.mng.crg002.5.0
55495,25 at.mng.crg003.1.24/09/2010.15:48:27
55495,25 at.mng.crg004.15:47:52...
55495,25 at.mng.crg005.501.1
55495,25 at.mng.crg007
55495,25 at.mng.crg006
55495,25 at.mng.crg009
at.mng.FAIL
94:Uso no válido de Null
BLCemi
*******




*****AL********
08/10/2010*03:25:00 p.m.
blCemi_v2.0.48
g009b.344
55498,02 at.mng.crg009c
55498,02 at.mng.crg010
55498,02 at.mng.crg011
55498,02 at.mng.crg019
55498,02 at.mng.crg020
55498,02 at.mng.crg021
55498,02 at.mng.crg022
55498,02 at.mng.crg023
55500,2 at.mng.crg001
55500,2 at.mng.crg002.5.0
55500,2 at.mng.crg003.1.24/09/2010.15:48:27
55500,2 at.mng.crg004.15:47:52...
55500,2 at.mng.crg005.501.1
55500,2 at.mng.crg007
55500,2 at.mng.crg006
55500,2 at.mng.crg009
at.mng.FAIL
94:Uso no válido de Null
BLCemi
*******




*****AL********
08/10/2010*03:25:04 p.m.
blCemi_v2.0.48
4
55500,27 at.mng.crg009c
55500,27 at.mng.crg010
55500,27 at.mng.crg011
55500,27 at.mng.crg019
55500,27 at.mng.crg020
55500,27 at.mng.crg021
55500,27 at.mng.crg022
55500,27 at.mng.crg023
55504,39 at.mng.crg001
55504,39 at.mng.crg002.5.0
55504,39 at.mng.crg003.1.24/09/2010.15:48:27
55504,39 at.mng.crg004.15:47:52...
55504,39 at.mng.crg005.501.1
55504,39 at.mng.crg007
55504,39 at.mng.crg006
55504,39 at.mng.crg009
at.mng.FAIL
94:Uso no válido de Null
BLCemi
*******




*****AL********
08/10/2010*03:25:30 p.m.
blCemi_v2.0.48
4
55500,27 at.mng.crg009c
55500,27 at.mng.crg010
55500,27 at.mng.crg011
55500,27 at.mng.crg019
55500,27 at.mng.crg020
55500,27 at.mng.crg021
55500,27 at.mng.crg022
55500,27 at.mng.crg023
55504,39 at.mng.crg001
55504,39 at.mng.crg002.5.0
55504,39 at.mng.crg003.1.24/09/2010.15:48:27
55504,39 at.mng.crg004.15:47:52...
55504,39 at.mng.crg005.501.1
55504,39 at.mng.crg007
55504,39 at.mng.crg006
55504,39 at.mng.crg009
ErrLOG: ****
Fecha - Hora: 08/10/2010 03:25:30 p.m.
Software: tbrEmergencyGroup
Version:  2. 0. 48
Clase:Direccion
Propiedad o Funcion: Ciudad Property Get
Error: 


*******




*****AL********
08/10/2010*03:25:33 p.m.
blCemi_v2.0.48
4
55500,27 at.mng.crg009c
55500,27 at.mng.crg010
55500,27 at.mng.crg011
55500,27 at.mng.crg019
55500,27 at.mng.crg020
55500,27 at.mng.crg021
55500,27 at.mng.crg022
55500,27 at.mng.crg023
55504,39 at.mng.crg001
55504,39 at.mng.crg002.5.0
55504,39 at.mng.crg003.1.24/09/2010.15:48:27
55504,39 at.mng.crg004.15:47:52...
55504,39 at.mng.crg005.501.1
55504,39 at.mng.crg007
55504,39 at.mng.crg006
55504,39 at.mng.crg009
ErrLOG: ****
Fecha - Hora: 08/10/2010 03:25:33 p.m.
Software: tbrEmergencyGroup
Version:  2. 0. 48
Clase:Direccion
Propiedad o Funcion: Ciudad Property Get
Error: 


*******



****SH****56861,32: Init_blCemi


*****AL********
08/10/2010*03:47:43 p.m.
blCemi_v2.0.48

56863,09 atMng001
56863,11 at.mng.crg001
56863,11 at.mng.crg002.5.0
56863,11 at.mng.crg003.1.24/09/2010.15:48:27
56863,11 at.mng.crg004.15:47:52...
56863,11 at.mng.crg005.501.1
56863,3 at.mng.crg007
56863,3 at.mng.crg006
56863,3 at.mng.crg009
at.mng.FAIL
94:Uso no válido de Null
BLCemi
*******




*****AL********
08/10/2010*03:47:49 p.m.
blCemi_v2.0.48
3,11 at.mng.crg003.1.24/09/2010.15:48:27
56863,11 at.mng.crg004.15:47:52...
56863,11 at.mng.crg005.501.1
56863,3 at.mng.crg007
56863,3 at.mng.crg006
56863,3 at.mng.crg009
56869,91 atMng001
56869,93 at.mng.crg001
56869,93 at.mng.crg002.5.0
56869,93 at.mng.crg003.1.24/09/2010.15:48:27
56869,93 at.mng.crg004.15:47:52...
56869,93 at.mng.crg005.501.1
56869,93 at.mng.crg007
56869,93 at.mng.crg006
56869,93 at.mng.crg009
at.mng.FAIL
94:Uso no válido de Null
BLCemi
*******




*****AL********
08/10/2010*03:47:49 p.m.
blCemi_v2.0.48
crg002.5.0
56869,93 at.mng.crg003.1.24/09/2010.15:48:27
56869,93 at.mng.crg004.15:47:52...
56869,93 at.mng.crg005.501.1
56869,93 at.mng.crg007
56869,93 at.mng.crg006
56869,93 at.mng.crg009
56869,99 at.mng.crg001
56869,99 at.mng.crg002.5.0
56869,99 at.mng.crg003.1.24/09/2010.15:48:27
56869,99 at.mng.crg004.15:47:52...
56869,99 at.mng.crg005.501.1
56869,99 at.mng.crg007
56869,99 at.mng.crg006
56869,99 at.mng.crg009
at.mng.FAIL
94:Uso no válido de Null
BLCemi
*******




*****AL********
08/10/2010*03:47:55 p.m.
blCemi_v2.0.48
4
56872,92 at.mng.crg009c
56872,92 at.mng.crg010
56872,92 at.mng.crg011
56872,92 at.mng.crg019
56872,92 at.mng.crg020
56872,92 at.mng.crg021
56872,92 at.mng.crg022
56872,92 at.mng.crg023
56875,37 at.mng.crg001
56875,37 at.mng.crg002.5.0
56875,37 at.mng.crg003.1.24/09/2010.15:48:27
56875,37 at.mng.crg004.15:47:52...
56875,37 at.mng.crg005.501.1
56875,37 at.mng.crg007
56875,37 at.mng.crg006
56875,37 at.mng.crg009
at.mng.FAIL
94:Uso no válido de Null
BLCemi
*******




*****AL********
08/10/2010*03:48:00 p.m.
blCemi_v2.0.48
g009b.344
56875,43 at.mng.crg009c
56875,43 at.mng.crg010
56875,43 at.mng.crg011
56875,43 at.mng.crg019
56875,43 at.mng.crg020
56875,43 at.mng.crg021
56875,43 at.mng.crg022
56875,43 at.mng.crg023
56880,4 at.mng.crg001
56880,4 at.mng.crg002.5.0
56880,4 at.mng.crg003.1.24/09/2010.15:48:27
56880,4 at.mng.crg004.15:47:52...
56880,4 at.mng.crg005.501.1
56880,4 at.mng.crg007
56880,4 at.mng.crg006
56880,4 at.mng.crg009
at.mng.FAIL
94:Uso no válido de Null
BLCemi
*******




*****AL********
08/10/2010*03:48:01 p.m.
blCemi_v2.0.48
.344
56880,46 at.mng.crg009c
56880,46 at.mng.crg010
56880,46 at.mng.crg011
56880,46 at.mng.crg019
56880,46 at.mng.crg020
56880,46 at.mng.crg021
56880,46 at.mng.crg022
56880,46 at.mng.crg023
56881,2 at.mng.crg001
56881,2 at.mng.crg002.5.0
56881,2 at.mng.crg003.1.24/09/2010.15:48:27
56881,21 at.mng.crg004.15:47:52...
56881,21 at.mng.crg005.501.1
56881,21 at.mng.crg007
56881,21 at.mng.crg006
56881,21 at.mng.crg009
at.mng.FAIL
94:Uso no válido de Null
BLCemi
*******




*****AL********
08/10/2010*03:48:05 p.m.
blCemi_v2.0.48
4
56881,36 at.mng.crg009c
56881,36 at.mng.crg010
56881,36 at.mng.crg011
56881,36 at.mng.crg019
56881,36 at.mng.crg020
56881,36 at.mng.crg021
56881,36 at.mng.crg022
56881,36 at.mng.crg023
56885,34 at.mng.crg001
56885,34 at.mng.crg002.5.0
56885,34 at.mng.crg003.1.24/09/2010.15:48:27
56885,34 at.mng.crg004.15:47:52...
56885,34 at.mng.crg005.501.1
56885,34 at.mng.crg007
56885,34 at.mng.crg006
56885,34 at.mng.crg009
at.mng.FAIL
94:Uso no válido de Null
BLCemi
*******




*****AL********
08/10/2010*03:48:08 p.m.
blCemi_v2.0.48
4
56885,47 at.mng.crg009c
56885,47 at.mng.crg010
56885,47 at.mng.crg011
56885,47 at.mng.crg019
56885,47 at.mng.crg020
56885,47 at.mng.crg021
56885,47 at.mng.crg022
56885,47 at.mng.crg023
56888,35 at.mng.crg001
56888,35 at.mng.crg002.5.0
56888,35 at.mng.crg003.1.24/09/2010.15:48:27
56888,35 at.mng.crg004.15:47:52...
56888,35 at.mng.crg005.501.1
56888,35 at.mng.crg007
56888,35 at.mng.crg006
56888,35 at.mng.crg009
at.mng.FAIL
94:Uso no válido de Null
BLCemi
*******



****SH****57071,32: Init_blCemi


*****AL********
08/10/2010*03:51:13 p.m.
blCemi_v2.0.48

57073,19 atMng001
57073,2 at.mng.crg001
57073,2 at.mng.crg002.5.0
57073,2 at.mng.crg003.1.24/09/2010.15:48:27
57073,2 at.mng.crg004.15:47:52.21:56:34.Toma de TA - 14.9.Tam de TA - 14.9
57073,2 at.mng.crg005.501.1
57073,41 at.mng.crg007
57073,41 at.mng.crg006
57073,41 at.mng.crg009
at.mng.FAIL
94:Uso no válido de Null
BLCemi
*******




*****AL********
08/10/2010*03:51:18 p.m.
blCemi_v2.0.48
oma de TA - 14.9.Tam de TA - 14.9
57073,2 at.mng.crg005.501.1
57073,41 at.mng.crg007
57073,41 at.mng.crg006
57073,41 at.mng.crg009
57078,64 atMng001
57078,64 at.mng.crg001
57078,65 at.mng.crg002.5.0
57078,65 at.mng.crg003.1.24/09/2010.15:48:27
57078,65 at.mng.crg004.15:47:52.21:56:34.Toma de TA - 14.9.Tam de TA - 14.9
57078,65 at.mng.crg005.501.1
57078,65 at.mng.crg007
57078,65 at.mng.crg006
57078,65 at.mng.crg009
at.mng.FAIL
94:Uso no válido de Null
BLCemi
*******




*****AL********
08/10/2010*03:51:18 p.m.
blCemi_v2.0.48
5:47:52.21:56:34.Toma de TA - 14.9.Tam de TA - 14.9
57078,65 at.mng.crg005.501.1
57078,65 at.mng.crg007
57078,65 at.mng.crg006
57078,65 at.mng.crg009
57078,71 at.mng.crg001
57078,71 at.mng.crg002.5.0
57078,71 at.mng.crg003.1.24/09/2010.15:48:27
57078,71 at.mng.crg004.15:47:52.21:56:34.Toma de TA - 14.9.Tam de TA - 14.9
57078,71 at.mng.crg005.501.1
57078,71 at.mng.crg007
57078,71 at.mng.crg006
57078,71 at.mng.crg009
at.mng.FAIL
94:Uso no válido de Null
BLCemi
*******




*****AL********
08/10/2010*03:51:23 p.m.
blCemi_v2.0.48
ng.crg010
57081,35 at.mng.crg011
57081,35 at.mng.crg019
57081,35 at.mng.crg020
57081,35 at.mng.crg021
57081,35 at.mng.crg022
57081,35 at.mng.crg023
57083,19 at.mng.crg001
57083,19 at.mng.crg002.5.0
57083,19 at.mng.crg003.1.24/09/2010.15:48:27
57083,19 at.mng.crg004.15:47:52.21:56:34.Toma de TA - 14.9.Tam de TA - 14.9
57083,19 at.mng.crg005.501.1
57083,19 at.mng.crg007
57083,19 at.mng.crg006
57083,19 at.mng.crg009
at.mng.FAIL
94:Uso no válido de Null
BLCemi
*******



****SH****57215,21: Init_blCemi


*****AL********
08/10/2010*03:53:37 p.m.
blCemi_v2.0.48

57216,87 atMng001
57216,88 at.mng.crg001
57216,88 at.mng.crg002.5.0
57216,88 at.mng.crg003.1.24/09/2010.15:48:27
57216,88 at.mng.crg004.15:47:52.21:56:34.Toma de TA - 14.9.Tam de TA - 14.9
57216,88 at.mng.crg005.501.1
57217,02 at.mng.crg007
57217,02 at.mng.crg006
57217,02 at.mng.crg009
at.mng.FAIL
94:Uso no válido de Null
BLCemi
*******




*****AL********
08/10/2010*03:53:42 p.m.
blCemi_v2.0.48
ma de TA - 14.9.Tam de TA - 14.9
57216,88 at.mng.crg005.501.1
57217,02 at.mng.crg007
57217,02 at.mng.crg006
57217,02 at.mng.crg009
57222,37 atMng001
57222,38 at.mng.crg001
57222,38 at.mng.crg002.5.0
57222,38 at.mng.crg003.1.24/09/2010.15:48:27
57222,38 at.mng.crg004.15:47:52.21:56:34.Toma de TA - 14.9.Tam de TA - 14.9
57222,38 at.mng.crg005.501.1
57222,38 at.mng.crg007
57222,38 at.mng.crg006
57222,38 at.mng.crg009
at.mng.FAIL
94:Uso no válido de Null
BLCemi
*******




*****AL********
08/10/2010*03:53:42 p.m.
blCemi_v2.0.48
5:47:52.21:56:34.Toma de TA - 14.9.Tam de TA - 14.9
57222,38 at.mng.crg005.501.1
57222,38 at.mng.crg007
57222,38 at.mng.crg006
57222,38 at.mng.crg009
57222,45 at.mng.crg001
57222,45 at.mng.crg002.5.0
57222,45 at.mng.crg003.1.24/09/2010.15:48:27
57222,45 at.mng.crg004.15:47:52.21:56:34.Toma de TA - 14.9.Tam de TA - 14.9
57222,45 at.mng.crg005.501.1
57222,45 at.mng.crg007
57222,45 at.mng.crg006
57222,45 at.mng.crg009
at.mng.FAIL
94:Uso no válido de Null
BLCemi
*******




*****AL********
08/10/2010*03:53:47 p.m.
blCemi_v2.0.48
ng.crg010
57225,57 at.mng.crg011
57225,57 at.mng.crg019
57225,57 at.mng.crg020
57225,57 at.mng.crg021
57225,57 at.mng.crg022
57225,57 at.mng.crg023
57227,27 at.mng.crg001
57227,27 at.mng.crg002.5.0
57227,27 at.mng.crg003.1.24/09/2010.15:48:27
57227,27 at.mng.crg004.15:47:52.21:56:34.Toma de TA - 14.9.Tam de TA - 14.9
57227,27 at.mng.crg005.501.1
57227,27 at.mng.crg007
57227,27 at.mng.crg006
57227,27 at.mng.crg009
at.mng.FAIL
94:Uso no válido de Null
BLCemi
*******



****SH****57698,66: Init_blCemi


*****AL********
08/10/2010*04:01:40 p.m.
blCemi_v2.0.48

57700,35 atMng001
57700,36 at.mng.crg001
57700,36 at.mng.crg002.5.0
57700,36 at.mng.crg003.4.24/09/2010.15:48:27
57700,36 at.mng.crg004.15:47:52.21:56:34.Toma de TA - 14.9.Tam de TA - 14.9
57700,36 at.mng.crg005.501.1
57700,51 at.mng.crg007
57700,51 at.mng.crg006
57700,51 at.mng.crg009
at.mng.FAIL
94:Uso no válido de Null
BLCemi
*******




*****AL********
08/10/2010*04:01:44 p.m.
blCemi_v2.0.48
ma de TA - 14.9.Tam de TA - 14.9
57700,36 at.mng.crg005.501.1
57700,51 at.mng.crg007
57700,51 at.mng.crg006
57700,51 at.mng.crg009
57704,18 atMng001
57704,18 at.mng.crg001
57704,18 at.mng.crg002.5.0
57704,18 at.mng.crg003.4.24/09/2010.15:48:27
57704,18 at.mng.crg004.15:47:52.21:56:34.Toma de TA - 14.9.Tam de TA - 14.9
57704,18 at.mng.crg005.501.1
57704,18 at.mng.crg007
57704,18 at.mng.crg006
57704,18 at.mng.crg009
at.mng.FAIL
94:Uso no válido de Null
BLCemi
*******




*****AL********
08/10/2010*04:01:44 p.m.
blCemi_v2.0.48
5:47:52.21:56:34.Toma de TA - 14.9.Tam de TA - 14.9
57704,18 at.mng.crg005.501.1
57704,18 at.mng.crg007
57704,18 at.mng.crg006
57704,18 at.mng.crg009
57704,24 at.mng.crg001
57704,24 at.mng.crg002.5.0
57704,24 at.mng.crg003.4.24/09/2010.15:48:27
57704,24 at.mng.crg004.15:47:52.21:56:34.Toma de TA - 14.9.Tam de TA - 14.9
57704,24 at.mng.crg005.501.1
57704,24 at.mng.crg007
57704,24 at.mng.crg006
57704,24 at.mng.crg009
at.mng.FAIL
94:Uso no válido de Null
BLCemi
*******




*****AL********
08/10/2010*04:01:49 p.m.
blCemi_v2.0.48
ng.crg010
57707,99 at.mng.crg011
57707,99 at.mng.crg019
57707,99 at.mng.crg020
57707,99 at.mng.crg021
57707,99 at.mng.crg022
57707,99 at.mng.crg023
57709,21 at.mng.crg001
57709,21 at.mng.crg002.5.0
57709,21 at.mng.crg003.4.24/09/2010.15:48:27
57709,21 at.mng.crg004.15:47:52.21:56:34.Toma de TA - 14.9.Tam de TA - 14.9
57709,21 at.mng.crg005.501.1
57709,22 at.mng.crg007
57709,22 at.mng.crg006
57709,22 at.mng.crg009
at.mng.FAIL
94:Uso no válido de Null
BLCemi
*******




*****AL********
08/10/2010*04:01:51 p.m.
blCemi_v2.0.48
ng.crg010
57709,46 at.mng.crg011
57709,46 at.mng.crg019
57709,46 at.mng.crg020
57709,46 at.mng.crg021
57709,46 at.mng.crg022
57709,46 at.mng.crg023
57711,31 at.mng.crg001
57711,31 at.mng.crg002.5.0
57711,31 at.mng.crg003.4.24/09/2010.15:48:27
57711,31 at.mng.crg004.15:47:52.21:56:34.Toma de TA - 14.9.Tam de TA - 14.9
57711,31 at.mng.crg005.501.1
57711,31 at.mng.crg007
57711,31 at.mng.crg006
57711,31 at.mng.crg009
at.mng.FAIL
94:Uso no válido de Null
BLCemi
*******



****SH****57757,57: Init_blCemi


*****AL********
08/10/2010*04:02:39 p.m.
blCemi_v2.0.48

57758,9 atMng001
57758,91 at.mng.crg001
57758,91 at.mng.crg002.5.0
57758,91 at.mng.crg003.4.24/09/2010.15:48:27
57758,91 at.mng.crg004.15:47:52.21:56:34.Toma de TA - 14.9.Tam de TA - 14.9
57758,91 at.mng.crg005.501.1
57759,05 at.mng.crg007
57759,05 at.mng.crg006
57759,05 at.mng.crg009
at.mng.FAIL
94:Uso no válido de Null
BLCemi
*******




*****AL********
08/10/2010*04:02:48 p.m.
blCemi_v2.0.48
ma de TA - 14.9.Tam de TA - 14.9
57758,91 at.mng.crg005.501.1
57759,05 at.mng.crg007
57759,05 at.mng.crg006
57759,05 at.mng.crg009
57768,61 atMng001
57768,62 at.mng.crg001
57768,62 at.mng.crg002.5.0
57768,62 at.mng.crg003.4.24/09/2010.15:48:27
57768,62 at.mng.crg004.15:47:52.21:56:34.Toma de TA - 14.9.Tam de TA - 14.9
57768,62 at.mng.crg005.501.1
57768,62 at.mng.crg007
57768,62 at.mng.crg006
57768,62 at.mng.crg009
at.mng.FAIL
94:Uso no válido de Null
BLCemi
*******




*****AL********
08/10/2010*04:02:48 p.m.
blCemi_v2.0.48
5:47:52.21:56:34.Toma de TA - 14.9.Tam de TA - 14.9
57768,62 at.mng.crg005.501.1
57768,62 at.mng.crg007
57768,62 at.mng.crg006
57768,62 at.mng.crg009
57768,69 at.mng.crg001
57768,69 at.mng.crg002.5.0
57768,69 at.mng.crg003.4.24/09/2010.15:48:27
57768,69 at.mng.crg004.15:47:52.21:56:34.Toma de TA - 14.9.Tam de TA - 14.9
57768,69 at.mng.crg005.501.1
57768,69 at.mng.crg007
57768,69 at.mng.crg006
57768,69 at.mng.crg009
at.mng.FAIL
94:Uso no válido de Null
BLCemi
*******




*****AL********
08/10/2010*04:02:53 p.m.
blCemi_v2.0.48
ng.crg010
57772,09 at.mng.crg011
57772,09 at.mng.crg019
57772,09 at.mng.crg020
57772,09 at.mng.crg021
57772,09 at.mng.crg022
57772,09 at.mng.crg023
57773,63 at.mng.crg001
57773,63 at.mng.crg002.5.0
57773,63 at.mng.crg003.4.24/09/2010.15:48:27
57773,63 at.mng.crg004.15:47:52.21:56:34.Toma de TA - 14.9.Tam de TA - 14.9
57773,63 at.mng.crg005.501.1
57773,63 at.mng.crg007
57773,63 at.mng.crg006
57773,63 at.mng.crg009
at.mng.FAIL
94:Uso no válido de Null
BLCemi
*******



****SH****57837,75: Init_blCemi


*****AL********
08/10/2010*04:03:59 p.m.
blCemi_v2.0.48

57839,33 atMng001
57839,34 at.mng.crg001
57839,34 at.mng.crg002.5.0
57839,34 at.mng.crg003.4.24/09/2010.15:48:27
57839,34 at.mng.crg004.15:47:52.21:56:34.Toma de TA - 14.9.Tam de TA - 14.9
57839,34 at.mng.crg005.501.1
57839,52 at.mng.crg007
57839,52 at.mng.crg006
57839,52 at.mng.crg009
at.mng.FAIL
94:Uso no válido de Null
BLCemi
*******




*****AL********
08/10/2010*04:06:18 p.m.
blCemi_v2.0.48
oma de TA - 14.9.Tam de TA - 14.9
57839,34 at.mng.crg005.501.1
57839,52 at.mng.crg007
57839,52 at.mng.crg006
57839,52 at.mng.crg009
57866,56 atMng001
57906,3 at.mng.crg001
57913,13 at.mng.crg002.5.0
57920,02 at.mng.crg003.4.24/09/2010.15:48:27
57921,34 at.mng.crg004.15:47:52.21:56:34.Toma de TA - 14.9.Tam de TA - 14.9
57922,47 at.mng.crg005.501.1
57937,79 at.mng.crg007
57950,55 at.mng.crg006
57963,36 at.mng.crg009
at.mng.FAIL
94:Uso no válido de Null
BLCemi
*******




*****AL********
08/10/2010*04:06:43 p.m.
blCemi_v2.0.48
ma de TA - 14.9.Tam de TA - 14.9
57922,47 at.mng.crg005.501.1
57937,79 at.mng.crg007
57950,55 at.mng.crg006
57963,36 at.mng.crg009
58001,32 atMng001
58003,22 at.mng.crg001
58003,22 at.mng.crg002.5.0
58003,22 at.mng.crg003.4.24/09/2010.15:48:27
58003,22 at.mng.crg004.15:47:52.21:56:34.Toma de TA - 14.9.Tam de TA - 14.9
58003,22 at.mng.crg005.501.1
58003,22 at.mng.crg007
58003,22 at.mng.crg006
58003,22 at.mng.crg009
at.mng.FAIL
94:Uso no válido de Null
BLCemi
*******




*****AL********
08/10/2010*04:07:59 p.m.
blCemi_v2.0.48
ma de TA - 14.9.Tam de TA - 14.9
58003,22 at.mng.crg005.501.1
58003,22 at.mng.crg007
58003,22 at.mng.crg006
58003,22 at.mng.crg009
58012,43 atMng001
58016,98 at.mng.crg001
58018,63 at.mng.crg002.5.0
58018,91 at.mng.crg003.4.24/09/2010.15:48:27
58019,13 at.mng.crg004.15:47:52.21:56:34.Toma de TA - 14.9.Tam de TA - 14.9
58019,38 at.mng.crg005.501.1
58020,89 at.mng.crg007
58024,86 at.mng.crg006
58029,26 at.mng.crg009
at.mng.FAIL
94:Uso no válido de Null
BLCemi
*******



****SH****58123,77: Init_blCemi

****SH****74014,97: Init_blCemi

****SH****69408,25: Init_blCemi

****SH****83032,38: Init_blCemi

****SH****84297,81: Init_blCemi

****SH****84381,11: Init_blCemi

****SH****84523,05: Init_blCemi

****SH****84686,9: Init_blCemi

****SH****84948,64: Init_blCemi

****SH****85081,64: Init_blCemi

****SH****85136,43: Init_blCemi

****SH****85304,28: Init_blCemi

****SH****85590,99: Init_blCemi

****SH****53817,69: Init_blCemi

****SH****54686,82: Init_blCemi

****SH****54734,13: Init_blCemi

****SH****56550,22: Init_blCemi

****SH****56955,94: Init_blCemi
