
****SH****49716,7: Init_DBLayer

****SH****49716,7: .:\|/:.E:\dev\tbrEG\trunk\Config\..\BD\database.mdb

****SH****53918,27: Init_DBLayer

****SH****53918,27: .:\|/:.E:\dev\tbrEG\trunk\Config\..\BD\database.mdb

****SH****54633,02: Init_DBLayer

****SH****54633,02: .:\|/:.E:\dev\tbrEG\trunk\Config\..\BD\database.mdb


*****AL********
08/10/2010*03:10:33 p.m.
dblayer_v1.3.62

erConn
-2147467259:No se pudo encontrar el archivo 'E:\dev\tbrEG\trunk\BD\database.mdb'.
Microsoft JET Database Engine
*******



****SH****54693,75: Init_DBLayer

****SH****54693,75: .:\|/:.E:\dev\tbrEG\trunk\Config\..\BD\database.mdb

****SH****54872,23: Init_DBLayer

****SH****54872,24: .:\|/:.E:\dev\tbrEG\trunk\Config\..\BD\database.mdb

****SH****55042,5: Init_DBLayer

****SH****55042,5: .:\|/:.E:\dev\tbrEG\trunk\Config\..\BD\database.mdb

****SH****55486,21: Init_DBLayer

****SH****55486,21: .:\|/:.E:\dev\tbrEG\trunk\Config\..\BD\database.mdb

****SH****56861,32: Init_DBLayer

****SH****56861,32: .:\|/:.E:\dev\tbrEG\trunk\Config\..\BD\database.mdb

****SH****57071,32: Init_DBLayer

****SH****57071,33: .:\|/:.E:\dev\tbrEG\trunk\Config\..\BD\database.mdb

****SH****57215,21: Init_DBLayer

****SH****57215,21: .:\|/:.E:\dev\tbrEG\trunk\Config\..\BD\database.mdb

****SH****57698,66: Init_DBLayer

****SH****57698,66: .:\|/:.E:\dev\tbrEG\trunk\Config\..\BD\database.mdb

****SH****57757,58: Init_DBLayer

****SH****57757,58: .:\|/:.E:\dev\tbrEG\trunk\Config\..\BD\database.mdb

****SH****57837,75: Init_DBLayer

****SH****57837,77: .:\|/:.E:\dev\tbrEG\trunk\Config\..\BD\database.mdb

****SH****58123,77: Init_DBLayer

****SH****58123,77: .:\|/:.E:\dev\tbrEG\trunk\Config\..\BD\database.mdb

****SH****74015,12: Init_DBLayer

****SH****74015,2: .:\|/:.E:\dev\tbrEG\trunk\Config\..\BD\database.mdb

****SH****69408,27: Init_DBLayer

****SH****69408,27: .:\|/:.E:\dev\tbrEG\trunk\Config\..\BD\database.mdb

****SH****83032,38: Init_DBLayer

****SH****83032,41: .:\|/:.E:\dev\tbrEG\trunk\Config\..\BD\database.mdb

****SH****84297,81: Init_DBLayer

****SH****84297,81: .:\|/:.E:\dev\tbrEG\trunk\Config\..\BD\database.mdb

****SH****84381,11: Init_DBLayer

****SH****84381,11: .:\|/:.E:\dev\tbrEG\trunk\Config\..\BD\database.mdb

****SH****84523,05: Init_DBLayer

****SH****84523,06: .:\|/:.E:\dev\tbrEG\trunk\Config\..\BD\database.mdb

****SH****84686,9: Init_DBLayer

****SH****84686,9: .:\|/:.E:\dev\tbrEG\trunk\Config\..\BD\database.mdb

****SH****84948,64: Init_DBLayer

****SH****84948,65: .:\|/:.E:\dev\tbrEG\trunk\Config\..\BD\database.mdb

****SH****85081,64: Init_DBLayer

****SH****85081,64: .:\|/:.E:\dev\tbrEG\trunk\Config\..\BD\database.mdb

****SH****85136,43: Init_DBLayer

****SH****85136,43: .:\|/:.E:\dev\tbrEG\trunk\Config\..\BD\database.mdb

****SH****85304,29: Init_DBLayer

****SH****85304,29: .:\|/:.E:\dev\tbrEG\trunk\Config\..\BD\database.mdb

****SH****85590,99: Init_DBLayer

****SH****85591: .:\|/:.E:\dev\tbrEG\trunk\Config\..\BD\database.mdb

****SH****53817,7: Init_DBLayer

****SH****53817,72: .:\|/:.E:\dev\tbrEG\trunk\Config\..\BD\database.mdb

****SH****54686,82: Init_DBLayer

****SH****54686,82: .:\|/:.E:\dev\tbrEG\trunk\Config\..\BD\database.mdb

****SH****54734,13: Init_DBLayer

****SH****54734,13: .:\|/:.E:\dev\tbrEG\trunk\Config\..\BD\database.mdb

****SH****56550,22: Init_DBLayer

****SH****56550,22: .:\|/:.E:\dev\tbrEG\trunk\Config\..\BD\database.mdb

****SH****56955,95: Init_DBLayer

****SH****56955,95: .:\|/:.E:\dev\tbrEG\trunk\Config\..\BD\database.mdb
