Fecha - Hora: 08/10/2010 01:48:36 p.m.
Software: tbrEmergencyGroup
Version:  2. 0. 48
Clase:ForceLOG_Ini.2.0.74
Propiedad o Funcion: begin
Error: 08/10/2010 01:48:36 p.m.


Fecha - Hora: 08/10/2010 02:58:38 p.m.
Software: tbrEmergencyGroup
Version:  2. 0. 48
Clase:ForceLOG_Ini.2.0.74
Propiedad o Funcion: begin
Error: 08/10/2010 02:58:38 p.m.


Fecha - Hora: 08/10/2010 03:10:33 p.m.
Software: tbrEmergencyGroup
Version:  2. 0. 48
Clase:ForceLOG_Ini.2.0.74
Propiedad o Funcion: begin
Error: 08/10/2010 03:10:33 p.m.


Fecha - Hora: 08/10/2010 03:11:33 p.m.
Software: tbrEmergencyGroup
Version:  2. 0. 48
Clase:ForceLOG_Ini.2.0.74
Propiedad o Funcion: begin
Error: 08/10/2010 03:11:33 p.m.


Fecha - Hora: 08/10/2010 03:14:32 p.m.
Software: tbrEmergencyGroup
Version:  2. 0. 48
Clase:ForceLOG_Ini.2.0.74
Propiedad o Funcion: begin
Error: 08/10/2010 03:14:32 p.m.


Fecha - Hora: 08/10/2010 03:17:22 p.m.
Software: tbrEmergencyGroup
Version:  2. 0. 48
Clase:ForceLOG_Ini.2.0.74
Propiedad o Funcion: begin
Error: 08/10/2010 03:17:22 p.m.


Fecha - Hora: 08/10/2010 03:24:46 p.m.
Software: tbrEmergencyGroup
Version:  2. 0. 48
Clase:ForceLOG_Ini.2.0.74
Propiedad o Funcion: begin
Error: 08/10/2010 03:24:46 p.m.


Fecha - Hora: 08/10/2010 03:25:30 p.m.
Software: tbrEmergencyGroup
Version:  2. 0. 48
Clase:Direccion
Propiedad o Funcion: Ciudad Property Get
Error: 


Fecha - Hora: 08/10/2010 03:25:33 p.m.
Software: tbrEmergencyGroup
Version:  2. 0. 48
Clase:Direccion
Propiedad o Funcion: Ciudad Property Get
Error: 


Fecha - Hora: 08/10/2010 03:47:41 p.m.
Software: tbrEmergencyGroup
Version:  2. 0. 48
Clase:ForceLOG_Ini.2.0.74
Propiedad o Funcion: begin
Error: 08/10/2010 03:47:41 p.m.


Fecha - Hora: 08/10/2010 03:51:11 p.m.
Software: tbrEmergencyGroup
Version:  2. 0. 48
Clase:ForceLOG_Ini.2.0.74
Propiedad o Funcion: begin
Error: 08/10/2010 03:51:11 p.m.


Fecha - Hora: 08/10/2010 03:53:35 p.m.
Software: tbrEmergencyGroup
Version:  2. 0. 48
Clase:ForceLOG_Ini.2.0.74
Propiedad o Funcion: begin
Error: 08/10/2010 03:53:35 p.m.


Fecha - Hora: 08/10/2010 04:01:38 p.m.
Software: tbrEmergencyGroup
Version:  2. 0. 48
Clase:ForceLOG_Ini.2.0.74
Propiedad o Funcion: begin
Error: 08/10/2010 04:01:38 p.m.


Fecha - Hora: 08/10/2010 04:02:37 p.m.
Software: tbrEmergencyGroup
Version:  2. 0. 48
Clase:ForceLOG_Ini.2.0.74
Propiedad o Funcion: begin
Error: 08/10/2010 04:02:37 p.m.


Fecha - Hora: 08/10/2010 04:03:57 p.m.
Software: tbrEmergencyGroup
Version:  2. 0. 48
Clase:ForceLOG_Ini.2.0.74
Propiedad o Funcion: begin
Error: 08/10/2010 04:03:57 p.m.


Fecha - Hora: 08/10/2010 04:08:43 p.m.
Software: tbrEmergencyGroup
Version:  2. 0. 48
Clase:ForceLOG_Ini.2.0.74
Propiedad o Funcion: begin
Error: 08/10/2010 04:08:43 p.m.


Fecha - Hora: 28/11/2010 08:33:34 p.m.
Software: tbrEmergencyGroup
Version:  2. 0. 48
Clase:ForceLOG_Ini.2.0.75
Propiedad o Funcion: begin
Error: 28/11/2010 08:33:34 p.m.


Fecha - Hora: 23/12/2010 07:16:48 p.m.
Software: tbrEmergencyGroup
Version:  2. 0. 48
Clase:ForceLOG_Ini.2.0.75
Propiedad o Funcion: begin
Error: 23/12/2010 07:16:48 p.m.


Fecha - Hora: 17/03/2011 11:03:52 p.m.
Software: tbrEmergencyGroup
Version:  2. 0. 50
Clase:ForceLOG_Ini.2.0.78
Propiedad o Funcion: begin
Error: 17/03/2011 11:03:52 p.m.


Fecha - Hora: 17/03/2011 11:24:57 p.m.
Software: tbrEmergencyGroup
Version:  2. 0. 51
Clase:ForceLOG_Ini.2.0.80
Propiedad o Funcion: begin
Error: 17/03/2011 11:24:57 p.m.


Fecha - Hora: 17/03/2011 11:26:21 p.m.
Software: tbrEmergencyGroup
Version:  2. 0. 51
Clase:ForceLOG_Ini.2.0.80
Propiedad o Funcion: begin
Error: 17/03/2011 11:26:21 p.m.


Fecha - Hora: 17/03/2011 11:28:43 p.m.
Software: tbrEmergencyGroup
Version:  2. 0. 51
Clase:ForceLOG_Ini.2.0.80
Propiedad o Funcion: begin
Error: 17/03/2011 11:28:43 p.m.


Fecha - Hora: 17/03/2011 11:31:26 p.m.
Software: tbrEmergencyGroup
Version:  2. 0. 51
Clase:ForceLOG_Ini.2.0.80
Propiedad o Funcion: begin
Error: 17/03/2011 11:31:26 p.m.


Fecha - Hora: 17/03/2011 11:35:48 p.m.
Software: tbrEmergencyGroup
Version:  2. 0. 52
Clase:ForceLOG_Ini.2.0.81
Propiedad o Funcion: begin
Error: 17/03/2011 11:35:48 p.m.


Fecha - Hora: 17/03/2011 11:38:01 p.m.
Software: tbrEmergencyGroup
Version:  2. 0. 52
Clase:ForceLOG_Ini.2.0.81
Propiedad o Funcion: begin
Error: 17/03/2011 11:38:01 p.m.


Fecha - Hora: 17/03/2011 11:38:56 p.m.
Software: tbrEmergencyGroup
Version:  2. 0. 52
Clase:ForceLOG_Ini.2.0.81
Propiedad o Funcion: begin
Error: 17/03/2011 11:38:56 p.m.


Fecha - Hora: 17/03/2011 11:41:44 p.m.
Software: tbrEmergencyGroup
Version:  2. 0. 52
Clase:ForceLOG_Ini.2.0.81
Propiedad o Funcion: begin
Error: 17/03/2011 11:41:44 p.m.


Fecha - Hora: 17/03/2011 11:46:30 p.m.
Software: tbrEmergencyGroup
Version:  2. 0. 51
Clase:ForceLOG_Ini.2.0.80
Propiedad o Funcion: begin
Error: 17/03/2011 11:46:30 p.m.


Fecha - Hora: 20/03/2011 02:56:57 p.m.
Software: tbrEmergencyGroup
Version:  2. 0. 52
Clase:ForceLOG_Ini.2.0.81
Propiedad o Funcion: begin
Error: 20/03/2011 02:56:57 p.m.


Fecha - Hora: 20/03/2011 03:11:26 p.m.
Software: tbrEmergencyGroup
Version:  2. 0. 52
Clase:ForceLOG_Ini.2.0.81
Propiedad o Funcion: begin
Error: 20/03/2011 03:11:26 p.m.


Fecha - Hora: 20/03/2011 03:12:14 p.m.
Software: tbrEmergencyGroup
Version:  2. 0. 52
Clase:ForceLOG_Ini.2.3.15
Propiedad o Funcion: begin
Error: 20/03/2011 03:12:14 p.m.


Fecha - Hora: 20/03/2011 03:42:30 p.m.
Software: tbrEmergencyGroup
Version:  2. 0. 52
Clase:ForceLOG_Ini.2.3.15
Propiedad o Funcion: begin
Error: 20/03/2011 03:42:30 p.m.


Fecha - Hora: 20/03/2011 03:49:15 p.m.
Software: tbrEmergencyGroup
Version:  2. 0. 52
Clase:ForceLOG_Ini.2.3.15
Propiedad o Funcion: begin
Error: 20/03/2011 03:49:15 p.m.


