
****SH****84150,89: init_sys_tlv

****SH****84299,62: init_sys_tlv

****SH****84382,45: init_sys_tlv

****SH****84524,73: init_sys_tlv

****SH****84688,56: init_sys_tlv

****SH****84880,97: init_sys_tlv

****SH****84950,61: init_sys_tlv

****SH****85083,26: init_sys_tlv

****SH****85137,81: init_sys_tlv


*****AL********
17/03/2011*11:40:02 p.m.
tlv_v1.2.42

daer911
la clave ya esta asociada a la coleccion...
*******



****SH****85306,13: init_sys_tlv


*****AL********
17/03/2011*11:42:06 p.m.
tlv_v1.2.42

daer911
la clave ya esta asociada a la coleccion...
*******



****SH****85592,81: init_sys_tlv

****SH****85663,26: init_sys_tlv

****SH****53819,91: init_sys_tlv


*****AL********
20/03/2011*02:57:45 p.m.
tlv_v1.2.42

daer922
la clave transcurrido ya esta asociada a la coleccion...
*******




*****AL********
20/03/2011*02:58:28 p.m.
tlv_v1.2.42

daer922
la clave transcurrido ya esta asociada a la coleccion...
*******



****SH****54689,23: init_sys_tlv

****SH****54735,39: init_sys_tlv

****SH****56552: init_sys_tlv


*****AL********
20/03/2011*03:43:11 p.m.
tlv_v1.2.42

daer922
la clave transcurrido ya esta asociada a la coleccion...
*******



****SH****56957,67: init_sys_tlv


*****AL********
20/03/2011*03:49:46 p.m.
tlv_v1.2.42

daer922
la clave transcurrido ya esta asociada a la coleccion...
*******



****SH****57526,66: init_sys_tlv
